<?xml version="1.0" encoding="UTF-8"?>
<!-- Generated by org.testng.reporters.JUnitXMLReporter -->
<testsuite hostname="Geetikas-MacBook-Air.local" failures="1" tests="3" name="Test" time="20.472" errors="0" timestamp="9 Mar 2020 12:12:14 GMT">
  <testcase classname="com.MavenTemplates.Automate.ChineseNewYear" name="test" time="6.719">
    <failure type="java.lang.NullPointerException">
      <![CDATA[java.lang.NullPointerException
	at com.MavenTemplates.Automate.ChineseNewYear.test(ChineseNewYear.java:22)
... Removed 24 stack frames]]>
    </failure>
  </testcase> <!-- test -->
  <testcase classname="com.MavenTemplates.Automate.BeautySwipe" name="test" time="8.492"/>
  <testcase classname="com.MavenTemplates.Automate.AdventCalendar" name="test" time="5.229"/>
</testsuite> <!-- Test -->
