<?xml version="1.0" encoding="UTF-8"?>
<!-- Generated by org.testng.reporters.JUnitXMLReporter -->
<testsuite hostname="Geetikas-MacBook-Air.local" failures="1" tests="3" name="TestNG" time="24.399" errors="0" timestamp="9 Mar 2020 13:07:37 GMT">
  <testcase classname="com.MavenTemplates.Automate.ChineseNewYear" name="test" time="11.057">
    <failure type="java.lang.NullPointerException">
      <![CDATA[java.lang.NullPointerException
	at com.MavenTemplates.Automate.ChineseNewYear.test(ChineseNewYear.java:23)
... Removed 24 stack frames]]>
    </failure>
  </testcase> <!-- test -->
  <testcase classname="com.MavenTemplates.Automate.BeautySwipe" name="test" time="8.257"/>
  <testcase classname="com.MavenTemplates.Automate.AdventCalendar" name="test" time="5.033"/>
</testsuite> <!-- TestNG -->
